# JRE version: OpenJDK Runtime Environment (11.0.12+7) (build 11.0.12+7-b1504.28-7817840)
# Java VM: OpenJDK 64-Bit Server VM (11.0.12+7-b1504.28-7817840, mixed mode, tiered, compressed oops, g1 gc, windows-amd64)
Heap:
 garbage-first heap   total 196608K, used 106123K [0x0000000080000000, 0x0000000100000000)
  region size 1024K, 88 young (90112K), 7 survivors (7168K)
 Metaspace       used 41795K, capacity 42759K, committed 42956K, reserved 1087488K
  class space    used 5367K, capacity 5744K, committed 5836K, reserved 1048576K
GC Heap History (14 events):
Event: 1.018 GC heap before
{Heap before GC invocations=0 (full 0):
 garbage-first heap   total 196608K, used 17408K [0x0000000080000000, 0x0000000100000000)
  region size 1024K, 14 young (14336K), 0 survivors (0K)
 Metaspace       used 6778K, capacity 6989K, committed 7168K, reserved 1056768K
  class space    used 584K, capacity 650K, committed 768K, reserved 1048576K
}
Event: 1.025 GC heap after
{Heap after GC invocations=1 (full 0):
 garbage-first heap   total 196608K, used 4298K [0x0000000080000000, 0x0000000100000000)
  region size 1024K, 2 young (2048K), 2 survivors (2048K)
 Metaspace       used 6778K, capacity 6989K, committed 7168K, reserved 1056768K
  class space    used 584K, capacity 650K, committed 768K, reserved 1048576K
}
Event: 1.660 GC heap before
{Heap before GC invocations=1 (full 0):
 garbage-first heap   total 196608K, used 19658K [0x0000000080000000, 0x0000000100000000)
  region size 1024K, 14 young (14336K), 2 survivors (2048K)
 Metaspace       used 9914K, capacity 10118K, committed 10368K, reserved 1058816K
  class space    used 1029K, capacity 1102K, committed 1152K, reserved 1048576K
}
Event: 1.666 GC heap after
{Heap after GC invocations=2 (full 0):
 garbage-first heap   total 196608K, used 9435K [0x0000000080000000, 0x0000000100000000)
  region size 1024K, 2 young (2048K), 2 survivors (2048K)
 Metaspace       used 9914K, capacity 10118K, committed 10368K, reserved 1058816K
  class space    used 1029K, capacity 1102K, committed 1152K, reserved 1048576K
}
Event: 3.236 GC heap before
{Heap before GC invocations=2 (full 0):
 garbage-first heap   total 196608K, used 38107K [0x0000000080000000, 0x0000000100000000)
  region size 1024K, 30 young (30720K), 2 survivors (2048K)
 Metaspace       used 10900K, capacity 11073K, committed 11264K, reserved 1058816K
  class space    used 1132K, capacity 1207K, committed 1280K, reserved 1048576K
}
Event: 3.240 GC heap after
{Heap after GC invocations=3 (full 0):
 garbage-first heap   total 196608K, used 11966K [0x0000000080000000, 0x0000000100000000)
  region size 1024K, 4 young (4096K), 4 survivors (4096K)
 Metaspace       used 10900K, capacity 11073K, committed 11264K, reserved 1058816K
  class space    used 1132K, capacity 1207K, committed 1280K, reserved 1048576K
}
Event: 6.338 GC heap before
{Heap before GC invocations=3 (full 0):
 garbage-first heap   total 196608K, used 54974K [0x0000000080000000, 0x0000000100000000)
  region size 1024K, 46 young (47104K), 4 survivors (4096K)
 Metaspace       used 17604K, capacity 18003K, committed 18176K, reserved 1064960K
  class space    used 2071K, capacity 2177K, committed 2304K, reserved 1048576K
}
Event: 6.355 GC heap after
{Heap after GC invocations=4 (full 0):
 garbage-first heap   total 196608K, used 15791K [0x0000000080000000, 0x0000000100000000)
  region size 1024K, 6 young (6144K), 6 survivors (6144K)
 Metaspace       used 17604K, capacity 18003K, committed 18176K, reserved 1064960K
  class space    used 2071K, capacity 2177K, committed 2304K, reserved 1048576K
}
Event: 7.779 GC heap before
{Heap before GC invocations=4 (full 0):
 garbage-first heap   total 196608K, used 44463K [0x0000000080000000, 0x0000000100000000)
  region size 1024K, 35 young (35840K), 6 survivors (6144K)
 Metaspace       used 20713K, capacity 21135K, committed 21248K, reserved 1067008K
  class space    used 2542K, capacity 2710K, committed 2816K, reserved 1048576K
}
Event: 7.790 GC heap after
{Heap after GC invocations=5 (full 0):
 garbage-first heap   total 196608K, used 17146K [0x0000000080000000, 0x0000000100000000)
  region size 1024K, 6 young (6144K), 6 survivors (6144K)
 Metaspace       used 20713K, capacity 21135K, committed 21248K, reserved 1067008K
  class space    used 2542K, capacity 2710K, committed 2816K, reserved 1048576K
}
Event: 10.721 GC heap before
{Heap before GC invocations=6 (full 0):
 garbage-first heap   total 196608K, used 70394K [0x0000000080000000, 0x0000000100000000)
  region size 1024K, 59 young (60416K), 6 survivors (6144K)
 Metaspace       used 26700K, capacity 27269K, committed 27520K, reserved 1073152K
  class space    used 3477K, capacity 3701K, committed 3712K, reserved 1048576K
}
Event: 10.734 GC heap after
{Heap after GC invocations=7 (full 0):
 garbage-first heap   total 196608K, used 19325K [0x0000000080000000, 0x0000000100000000)
  region size 1024K, 4 young (4096K), 4 survivors (4096K)
 Metaspace       used 26700K, capacity 27269K, committed 27520K, reserved 1073152K
  class space    used 3477K, capacity 3701K, committed 3712K, reserved 1048576K
}
Event: 12.669 GC heap before
{Heap before GC invocations=7 (full 0):
 garbage-first heap   total 196608K, used 74621K [0x0000000080000000, 0x0000000100000000)
  region size 1024K, 59 young (60416K), 4 survivors (4096K)
 Metaspace       used 34980K, capacity 35787K, committed 35840K, reserved 1081344K
  class space    used 4532K, capacity 4839K, committed 4864K, reserved 1048576K
}
Event: 12.692 GC heap after
{Heap after GC invocations=8 (full 0):
 garbage-first heap   total 196608K, used 22155K [0x0000000080000000, 0x0000000100000000)
  region size 1024K, 7 young (7168K), 7 survivors (7168K)
 Metaspace       used 34980K, capacity 35787K, committed 35840K, reserved 1081344K
  class space    used 4532K, capacity 4839K, committed 4864K, reserved 1048576K
}

