# JRE version: OpenJDK Runtime Environment (11.0.10) (build 11.0.10+0-b96-7249189)
# Java VM: OpenJDK 64-Bit Server VM (11.0.10+0-b96-7249189, mixed mode, tiered, compressed oops, g1 gc, windows-amd64)
Heap:
 garbage-first heap   total 236544K, used 76048K [0x0000000080000000, 0x0000000100000000)
  region size 1024K, 2 young (2048K), 2 survivors (2048K)
 Metaspace       used 58439K, capacity 60147K, committed 60288K, reserved 1101824K
  class space    used 7367K, capacity 7954K, committed 8064K, reserved 1048576K
GC Heap History (20 events):
Event: 1.800 GC heap after
{Heap after GC invocations=1 (full 0):
 garbage-first heap   total 196608K, used 7484K [0x0000000080000000, 0x0000000100000000)
  region size 1024K, 2 young (2048K), 2 survivors (2048K)
 Metaspace       used 6788K, capacity 6993K, committed 7168K, reserved 1056768K
  class space    used 584K, capacity 650K, committed 768K, reserved 1048576K
}
Event: 3.257 GC heap before
{Heap before GC invocations=1 (full 0):
 garbage-first heap   total 196608K, used 18748K [0x0000000080000000, 0x0000000100000000)
  region size 1024K, 13 young (13312K), 2 survivors (2048K)
 Metaspace       used 9935K, capacity 10122K, committed 10368K, reserved 1058816K
  class space    used 1021K, capacity 1102K, committed 1152K, reserved 1048576K
}
Event: 3.266 GC heap after
{Heap after GC invocations=2 (full 0):
 garbage-first heap   total 196608K, used 9275K [0x0000000080000000, 0x0000000100000000)
  region size 1024K, 2 young (2048K), 2 survivors (2048K)
 Metaspace       used 9935K, capacity 10122K, committed 10368K, reserved 1058816K
  class space    used 1021K, capacity 1102K, committed 1152K, reserved 1048576K
}
Event: 5.412 GC heap before
{Heap before GC invocations=2 (full 0):
 garbage-first heap   total 196608K, used 37947K [0x0000000080000000, 0x0000000100000000)
  region size 1024K, 29 young (29696K), 2 survivors (2048K)
 Metaspace       used 10863K, capacity 11139K, committed 11264K, reserved 1058816K
  class space    used 1124K, capacity 1206K, committed 1280K, reserved 1048576K
}
Event: 5.419 GC heap after
{Heap after GC invocations=3 (full 0):
 garbage-first heap   total 196608K, used 11771K [0x0000000080000000, 0x0000000100000000)
  region size 1024K, 4 young (4096K), 4 survivors (4096K)
 Metaspace       used 10863K, capacity 11139K, committed 11264K, reserved 1058816K
  class space    used 1124K, capacity 1206K, committed 1280K, reserved 1048576K
}
Event: 7.929 GC heap before
{Heap before GC invocations=3 (full 0):
 garbage-first heap   total 196608K, used 52731K [0x0000000080000000, 0x0000000100000000)
  region size 1024K, 45 young (46080K), 4 survivors (4096K)
 Metaspace       used 17566K, capacity 17965K, committed 18176K, reserved 1064960K
  class space    used 2044K, capacity 2183K, committed 2304K, reserved 1048576K
}
Event: 7.944 GC heap after
{Heap after GC invocations=4 (full 0):
 garbage-first heap   total 196608K, used 15825K [0x0000000080000000, 0x0000000100000000)
  region size 1024K, 6 young (6144K), 6 survivors (6144K)
 Metaspace       used 17566K, capacity 17965K, committed 18176K, reserved 1064960K
  class space    used 2044K, capacity 2183K, committed 2304K, reserved 1048576K
}
Event: 8.455 GC heap before
{Heap before GC invocations=4 (full 0):
 garbage-first heap   total 196608K, used 43473K [0x0000000080000000, 0x0000000100000000)
  region size 1024K, 34 young (34816K), 6 survivors (6144K)
 Metaspace       used 20605K, capacity 21093K, committed 21248K, reserved 1067008K
  class space    used 2510K, capacity 2699K, committed 2816K, reserved 1048576K
}
Event: 8.469 GC heap after
{Heap after GC invocations=5 (full 0):
 garbage-first heap   total 196608K, used 16767K [0x0000000080000000, 0x0000000100000000)
  region size 1024K, 7 young (7168K), 7 survivors (7168K)
 Metaspace       used 20605K, capacity 21093K, committed 21248K, reserved 1067008K
  class space    used 2510K, capacity 2699K, committed 2816K, reserved 1048576K
}
Event: 11.142 GC heap before
{Heap before GC invocations=6 (full 0):
 garbage-first heap   total 196608K, used 89471K [0x0000000080000000, 0x0000000100000000)
  region size 1024K, 68 young (69632K), 7 survivors (7168K)
 Metaspace       used 26706K, capacity 27471K, committed 27648K, reserved 1073152K
  class space    used 3507K, capacity 3805K, committed 3840K, reserved 1048576K
}
Event: 11.160 GC heap after
{Heap after GC invocations=7 (full 0):
 garbage-first heap   total 196608K, used 31617K [0x0000000080000000, 0x0000000100000000)
  region size 1024K, 9 young (9216K), 9 survivors (9216K)
 Metaspace       used 26706K, capacity 27471K, committed 27648K, reserved 1073152K
  class space    used 3507K, capacity 3805K, committed 3840K, reserved 1048576K
}
Event: 12.532 GC heap before
{Heap before GC invocations=7 (full 0):
 garbage-first heap   total 196608K, used 85889K [0x0000000080000000, 0x0000000100000000)
  region size 1024K, 63 young (64512K), 9 survivors (9216K)
 Metaspace       used 34667K, capacity 35627K, committed 35840K, reserved 1081344K
  class space    used 4531K, capacity 4863K, committed 4864K, reserved 1048576K
}
Event: 12.554 GC heap after
{Heap after GC invocations=8 (full 0):
 garbage-first heap   total 196608K, used 34692K [0x0000000080000000, 0x0000000100000000)
  region size 1024K, 9 young (9216K), 9 survivors (9216K)
 Metaspace       used 34667K, capacity 35627K, committed 35840K, reserved 1081344K
  class space    used 4531K, capacity 4863K, committed 4864K, reserved 1048576K
}
Event: 14.736 GC heap before
{Heap before GC invocations=9 (full 0):
 garbage-first heap   total 196608K, used 120708K [0x0000000080000000, 0x0000000100000000)
  region size 1024K, 85 young (87040K), 9 survivors (9216K)
 Metaspace       used 41467K, capacity 42620K, committed 42828K, reserved 1087488K
  class space    used 5345K, capacity 5744K, committed 5760K, reserved 1048576K
}
Event: 14.760 GC heap after
{Heap after GC invocations=10 (full 0):
 garbage-first heap   total 196608K, used 45546K [0x0000000080000000, 0x0000000100000000)
  region size 1024K, 9 young (9216K), 9 survivors (9216K)
 Metaspace       used 41467K, capacity 42620K, committed 42828K, reserved 1087488K
  class space    used 5345K, capacity 5744K, committed 5760K, reserved 1048576K
}
Event: 16.752 GC heap before
{Heap before GC invocations=10 (full 0):
 garbage-first heap   total 196608K, used 139754K [0x0000000080000000, 0x0000000100000000)
  region size 1024K, 98 young (100352K), 9 survivors (9216K)
 Metaspace       used 47226K, capacity 48706K, committed 48716K, reserved 1091584K
  class space    used 6070K, capacity 6527K, committed 6528K, reserved 1048576K
}
Event: 16.783 GC heap after
{Heap after GC invocations=11 (full 0):
 garbage-first heap   total 196608K, used 55757K [0x0000000080000000, 0x0000000100000000)
  region size 1024K, 13 young (13312K), 13 survivors (13312K)
 Metaspace       used 47226K, capacity 48706K, committed 48716K, reserved 1091584K
  class space    used 6070K, capacity 6527K, committed 6528K, reserved 1048576K
}
Event: 19.393 GC heap before
{Heap before GC invocations=11 (full 0):
 garbage-first heap   total 196608K, used 148941K [0x0000000080000000, 0x0000000100000000)
  region size 1024K, 97 young (99328K), 13 survivors (13312K)
 Metaspace       used 53337K, capacity 54907K, committed 55244K, reserved 1097728K
  class space    used 6801K, capacity 7341K, committed 7424K, reserved 1048576K
}
Event: 19.426 GC heap after
{Heap after GC invocations=12 (full 0):
 garbage-first heap   total 196608K, used 74893K [0x0000000080000000, 0x0000000100000000)
  region size 1024K, 11 young (11264K), 11 survivors (11264K)
 Metaspace       used 53337K, capacity 54907K, committed 55244K, reserved 1097728K
  class space    used 6801K, capacity 7341K, committed 7424K, reserved 1048576K
}
Event: 20.355 GC heap before
{Heap before GC invocations=12 (full 0):
 garbage-first heap   total 196608K, used 106637K [0x0000000080000000, 0x0000000100000000)
  region size 1024K, 43 young (44032K), 11 survivors (11264K)
 Metaspace       used 58439K, capacity 60147K, committed 60288K, reserved 1101824K
  class space    used 7367K, capacity 7954K, committed 8064K, reserved 1048576K
}

